<?xml version="1.0" encoding="UTF-8"?>
<!-- Generated by org.testng.reporters.JUnitReportReporter -->
<testsuite skipped="0" hostname="FLNNOTFS021402" name="webFunctionalTests.FuncionalTesteNewsletter" tests="1" failures="0" timestamp="2 Dec 2016 16:41:29 GMT" time="41.405" errors="0">
  <testcase name="verificarChamadaNewsletter" time="41.405" classname="webFunctionalTests.FuncionalTesteNewsletter"/>
</testsuite> <!-- webFunctionalTests.FuncionalTesteNewsletter -->
