<?xml version="1.0" encoding="UTF-8"?>
<!-- Generated by org.testng.reporters.JUnitReportReporter -->
<testsuite skipped="0" hostname="juliana-ThinkPad-T440" name="webFunctionalTests.FunctionalViewTest" tests="1" failures="0" timestamp="06 jul 2017 14:17:44 GMT" time="97.606" errors="0">
  <testcase name="testViewProducts" time="97.606" classname="webFunctionalTests.FunctionalViewTest"/>
</testsuite> <!-- webFunctionalTests.FunctionalViewTest -->
