<?xml version="1.0" encoding="UTF-8"?>
<!-- Generated by org.testng.reporters.JUnitReportReporter -->
<testsuite skipped="0" hostname="FLNNOTFS021402" name="webFunctionalTests.HealthCheckServices" tests="1" failures="0" timestamp="5 Jul 2017 18:16:58 GMT" time="0.029" errors="0">
  <testcase name="instituicao" time="0.029" classname="webFunctionalTests.HealthCheckServices"/>
</testsuite> <!-- webFunctionalTests.HealthCheckServices -->
