<?xml version="1.0" encoding="UTF-8"?>
<!-- Generated by org.testng.reporters.JUnitReportReporter -->
<testsuite skipped="0" hostname="FLNNOTFS021402" name="webFunctionalTests.FuncionalTesteView" tests="1" failures="0" timestamp="5 Jul 2017 20:06:41 GMT" time="129.867" errors="0">
  <testcase name="testViewProducts" time="129.867" classname="webFunctionalTests.FuncionalTesteView"/>
</testsuite> <!-- webFunctionalTests.FuncionalTesteView -->
