<?xml version="1.0" encoding="UTF-8"?>
<!-- Generated by org.testng.reporters.JUnitReportReporter -->
<testsuite skipped="0" hostname="FLNNOTFS021402" name="webFunctionalTests.FuncionalTesteEnvioEmail" tests="1" failures="0" timestamp="3 Jul 2017 14:38:23 GMT" time="104.791" errors="0">
  <testcase name="envioEmailRendererMax" time="104.791" classname="webFunctionalTests.FuncionalTesteEnvioEmail"/>
</testsuite> <!-- webFunctionalTests.FuncionalTesteEnvioEmail -->
